<?xml version="1.0" encoding="UTF-8"?>
<coverage generated="1703314493250" clover="3.2.0">
  <project timestamp="1703314493251" name="All files">
    <metrics statements="165" coveredstatements="122" conditionals="25" coveredconditionals="15" methods="45" coveredmethods="33" elements="235" coveredelements="170" complexity="0" loc="165" ncloc="165" packages="1" files="10" classes="10"/>
    <file name="AuthToken.tsx" path="C:\Users\SaipriyaRachamadugu\react-admin\tests\src\AuthToken.tsx">
      <metrics statements="9" coveredstatements="9" conditionals="0" coveredconditionals="0" methods="3" coveredmethods="3"/>
      <line num="1" count="2" type="stmt"/>
      <line num="3" count="2" type="stmt"/>
      <line num="4" count="9" type="stmt"/>
      <line num="5" count="9" type="stmt"/>
      <line num="6" count="3" type="stmt"/>
      <line num="8" count="9" type="stmt"/>
      <line num="9" count="2" type="stmt"/>
      <line num="12" count="9" type="stmt"/>
      <line num="20" count="2" type="stmt"/>
    </file>
    <file name="Calculator.tsx" path="C:\Users\SaipriyaRachamadugu\react-admin\tests\src\Calculator.tsx">
      <metrics statements="36" coveredstatements="35" conditionals="15" coveredconditionals="13" methods="9" coveredmethods="9"/>
      <line num="1" count="1" type="stmt"/>
      <line num="2" count="1" type="stmt"/>
      <line num="4" count="1" type="stmt"/>
      <line num="5" count="76" type="stmt"/>
      <line num="6" count="76" type="stmt"/>
      <line num="7" count="76" type="stmt"/>
      <line num="9" count="76" type="stmt"/>
      <line num="13" count="37" type="stmt"/>
      <line num="15" count="37" type="cond" truecount="1" falsecount="0"/>
      <line num="16" count="37" type="cond" truecount="2" falsecount="0"/>
      <line num="17" count="19" type="stmt"/>
      <line num="19" count="18" type="stmt"/>
      <line num="24" count="76" type="stmt"/>
      <line num="25" count="19" type="cond" truecount="3" falsecount="0"/>
      <line num="26" count="1" type="stmt"/>
      <line num="27" count="1" type="stmt"/>
      <line num="32" count="18" type="cond" truecount="4" falsecount="1"/>
      <line num="34" count="4" type="stmt"/>
      <line num="35" count="4" type="stmt"/>
      <line num="37" count="4" type="stmt"/>
      <line num="38" count="4" type="stmt"/>
      <line num="40" count="5" type="stmt"/>
      <line num="41" count="5" type="stmt"/>
      <line num="43" count="5" type="stmt"/>
      <line num="44" count="5" type="stmt"/>
      <line num="46" count="0" type="stmt"/>
      <line num="49" count="18" type="stmt"/>
      <line num="50" count="18" type="stmt"/>
      <line num="53" count="76" type="stmt"/>
      <line num="67" count="19" type="stmt"/>
      <line num="77" count="18" type="stmt"/>
      <line num="85" count="5" type="stmt"/>
      <line num="94" count="4" type="stmt"/>
      <line num="103" count="5" type="stmt"/>
      <line num="112" count="5" type="stmt"/>
      <line num="133" count="1" type="stmt"/>
    </file>
    <file name="Company-add-form.tsx" path="C:\Users\SaipriyaRachamadugu\react-admin\tests\src\Company-add-form.tsx">
      <metrics statements="31" coveredstatements="28" conditionals="0" coveredconditionals="0" methods="12" coveredmethods="10"/>
      <line num="2" count="1" type="stmt"/>
      <line num="3" count="1" type="stmt"/>
      <line num="4" count="1" type="stmt"/>
      <line num="5" count="1" type="stmt"/>
      <line num="7" count="1" type="stmt"/>
      <line num="8" count="23" type="stmt"/>
      <line num="10" count="23" type="stmt"/>
      <line num="12" count="23" type="stmt"/>
      <line num="13" count="21" type="stmt"/>
      <line num="15" count="0" type="stmt"/>
      <line num="18" count="21" type="stmt"/>
      <line num="23" count="23" type="stmt"/>
      <line num="30" count="1" type="stmt"/>
      <line num="31" count="5" type="stmt"/>
      <line num="33" count="5" type="stmt"/>
      <line num="34" count="5" type="stmt"/>
      <line num="35" count="5" type="stmt"/>
      <line num="37" count="5" type="stmt"/>
      <line num="38" count="5" type="stmt"/>
      <line num="39" count="5" type="stmt"/>
      <line num="46" count="5" type="stmt"/>
      <line num="47" count="0" type="stmt"/>
      <line num="48" count="0" type="stmt"/>
      <line num="51" count="5" type="stmt"/>
      <line num="90" count="10" type="stmt"/>
      <line num="99" count="25" type="stmt"/>
      <line num="126" count="15" type="stmt"/>
      <line num="148" count="15" type="stmt"/>
      <line num="180" count="20" type="stmt"/>
      <line num="218" count="15" type="stmt"/>
      <line num="247" count="1" type="stmt"/>
    </file>
    <file name="Context-provider.tsx" path="C:\Users\SaipriyaRachamadugu\react-admin\tests\src\Context-provider.tsx">
      <metrics statements="10" coveredstatements="10" conditionals="0" coveredconditionals="0" methods="2" coveredmethods="2"/>
      <line num="1" count="1" type="stmt"/>
      <line num="2" count="1" type="stmt"/>
      <line num="3" count="1" type="stmt"/>
      <line num="4" count="1" type="stmt"/>
      <line num="5" count="1" type="stmt"/>
      <line num="6" count="4" type="stmt"/>
      <line num="8" count="3" type="stmt"/>
      <line num="9" count="1" type="stmt"/>
      <line num="11" count="3" type="stmt"/>
      <line num="21" count="1" type="stmt"/>
    </file>
    <file name="Create-context.ts" path="C:\Users\SaipriyaRachamadugu\react-admin\tests\src\Create-context.ts">
      <metrics statements="2" coveredstatements="2" conditionals="0" coveredconditionals="0" methods="0" coveredmethods="0"/>
      <line num="1" count="3" type="stmt"/>
      <line num="3" count="3" type="stmt"/>
    </file>
    <file name="Csv-form.tsx" path="C:\Users\SaipriyaRachamadugu\react-admin\tests\src\Csv-form.tsx">
      <metrics statements="53" coveredstatements="14" conditionals="8" coveredconditionals="0" methods="11" coveredmethods="1"/>
      <line num="1" count="1" type="stmt"/>
      <line num="2" count="1" type="stmt"/>
      <line num="16" count="1" type="stmt"/>
      <line num="18" count="1" type="stmt"/>
      <line num="19" count="3" type="stmt"/>
      <line num="20" count="3" type="stmt"/>
      <line num="21" count="3" type="stmt"/>
      <line num="22" count="3" type="stmt"/>
      <line num="24" count="3" type="stmt"/>
      <line num="25" count="0" type="stmt"/>
      <line num="28" count="3" type="stmt"/>
      <line num="29" count="0" type="cond" truecount="0" falsecount="2"/>
      <line num="30" count="0" type="stmt"/>
      <line num="31" count="0" type="stmt"/>
      <line num="33" count="0" type="stmt"/>
      <line num="34" count="0" type="stmt"/>
      <line num="36" count="0" type="stmt"/>
      <line num="39" count="3" type="stmt"/>
      <line num="40" count="0" type="stmt"/>
      <line num="41" count="0" type="stmt"/>
      <line num="43" count="0" type="stmt"/>
      <line num="44" count="0" type="stmt"/>
      <line num="45" count="0" type="stmt"/>
      <line num="46" count="0" type="stmt"/>
      <line num="47" count="0" type="stmt"/>
      <line num="49" count="0" type="stmt"/>
      <line num="53" count="3" type="stmt"/>
      <line num="54" count="0" type="stmt"/>
      <line num="55" count="0" type="stmt"/>
      <line num="56" count="0" type="stmt"/>
      <line num="58" count="0" type="cond" truecount="0" falsecount="3"/>
      <line num="59" count="0" type="stmt"/>
      <line num="61" count="0" type="stmt"/>
      <line num="63" count="0" type="stmt"/>
      <line num="64" count="0" type="stmt"/>
      <line num="65" count="0" type="stmt"/>
      <line num="66" count="0" type="stmt"/>
      <line num="68" count="0" type="stmt"/>
      <line num="74" count="0" type="stmt"/>
      <line num="75" count="0" type="stmt"/>
      <line num="76" count="0" type="stmt"/>
      <line num="78" count="0" type="stmt"/>
      <line num="79" count="0" type="stmt"/>
      <line num="80" count="0" type="stmt"/>
      <line num="84" count="0" type="stmt"/>
      <line num="87" count="0" type="stmt"/>
      <line num="88" count="0" type="stmt"/>
      <line num="89" count="0" type="stmt"/>
      <line num="93" count="3" type="stmt"/>
      <line num="123" count="0" type="cond" truecount="0" falsecount="2"/>
      <line num="124" count="0" type="cond" truecount="0" falsecount="1"/>
      <line num="125" count="0" type="stmt"/>
      <line num="138" count="1" type="stmt"/>
    </file>
    <file name="Form.tsx" path="C:\Users\SaipriyaRachamadugu\react-admin\tests\src\Form.tsx">
      <metrics statements="11" coveredstatements="11" conditionals="0" coveredconditionals="0" methods="4" coveredmethods="4"/>
      <line num="2" count="1" type="stmt"/>
      <line num="13" count="1" type="stmt"/>
      <line num="14" count="3" type="stmt"/>
      <line num="19" count="3" type="stmt"/>
      <line num="20" count="2" type="stmt"/>
      <line num="21" count="2" type="stmt"/>
      <line num="27" count="3" type="stmt"/>
      <line num="28" count="1" type="stmt"/>
      <line num="29" count="1" type="stmt"/>
      <line num="32" count="3" type="stmt"/>
      <line num="59" count="1" type="stmt"/>
    </file>
    <file name="Sum.tsx" path="C:\Users\SaipriyaRachamadugu\react-admin\tests\src\Sum.tsx">
      <metrics statements="4" coveredstatements="4" conditionals="0" coveredconditionals="0" methods="2" coveredmethods="2"/>
      <line num="7" count="1" type="stmt"/>
      <line num="8" count="14" type="stmt"/>
      <line num="10" count="4" type="stmt"/>
      <line num="17" count="1" type="stmt"/>
    </file>
    <file name="UseContext.tsx" path="C:\Users\SaipriyaRachamadugu\react-admin\tests\src\UseContext.tsx">
      <metrics statements="7" coveredstatements="7" conditionals="2" coveredconditionals="2" methods="1" coveredmethods="1"/>
      <line num="1" count="2" type="stmt"/>
      <line num="2" count="2" type="stmt"/>
      <line num="4" count="2" type="stmt"/>
      <line num="5" count="7" type="stmt"/>
      <line num="6" count="5" type="stmt"/>
      <line num="8" count="5" type="cond" truecount="2" falsecount="0"/>
      <line num="11" count="2" type="stmt"/>
    </file>
    <file name="matchMedia.mock.ts" path="C:\Users\SaipriyaRachamadugu\react-admin\tests\src\matchMedia.mock.ts">
      <metrics statements="2" coveredstatements="2" conditionals="0" coveredconditionals="0" methods="1" coveredmethods="1"/>
      <line num="1" count="2" type="stmt"/>
      <line num="3" count="444" type="stmt"/>
    </file>
  </project>
</coverage>
