{"C:\\Users\\SaipriyaRachamadugu\\react-admin\\tests\\src\\types.ts": {"path":"C:\\Users\\SaipriyaRachamadugu\\react-admin\\tests\\src\\types.ts","statementMap":{"0":{"start":{"line":50,"column":13},"end":{"line":116,"column":2}}},"fnMap":{},"branchMap":{},"s":{"0":1},"f":{},"b":{}}
,"C:\\Users\\SaipriyaRachamadugu\\react-admin\\tests\\src\\api\\api-calls.ts": {"path":"C:\\Users\\SaipriyaRachamadugu\\react-admin\\tests\\src\\api\\api-calls.ts","statementMap":{"0":{"start":{"line":1,"column":0},"end":{"line":1,"column":26}},"1":{"start":{"line":3,"column":0},"end":{"line":3,"column":63}},"2":{"start":{"line":5,"column":16},"end":{"line":5,"column":52}},"3":{"start":{"line":7,"column":30},"end":{"line":26,"column":1}},"4":{"start":{"line":8,"column":14},"end":{"line":8,"column":39}},"5":{"start":{"line":10,"column":19},"end":{"line":14,"column":4}},"6":{"start":{"line":16,"column":2},"end":{"line":25,"column":3}},"7":{"start":{"line":17,"column":47},"end":{"line":17,"column":60}},"8":{"start":{"line":18,"column":4},"end":{"line":18,"column":16}},"9":{"start":{"line":20,"column":4},"end":{"line":24,"column":6}},"10":{"start":{"line":7,"column":13},"end":{"line":7,"column":30}},"11":{"start":{"line":28,"column":28},"end":{"line":47,"column":1}},"12":{"start":{"line":29,"column":14},"end":{"line":29,"column":25}},"13":{"start":{"line":31,"column":19},"end":{"line":35,"column":4}},"14":{"start":{"line":37,"column":2},"end":{"line":46,"column":3}},"15":{"start":{"line":38,"column":28},"end":{"line":38,"column":41}},"16":{"start":{"line":39,"column":4},"end":{"line":39,"column":16}},"17":{"start":{"line":41,"column":4},"end":{"line":45,"column":6}},"18":{"start":{"line":28,"column":13},"end":{"line":28,"column":28}},"19":{"start":{"line":49,"column":25},"end":{"line":68,"column":1}},"20":{"start":{"line":50,"column":14},"end":{"line":50,"column":77}},"21":{"start":{"line":52,"column":19},"end":{"line":56,"column":4}},"22":{"start":{"line":58,"column":2},"end":{"line":67,"column":3}},"23":{"start":{"line":59,"column":42},"end":{"line":59,"column":55}},"24":{"start":{"line":60,"column":4},"end":{"line":60,"column":16}},"25":{"start":{"line":62,"column":4},"end":{"line":66,"column":6}},"26":{"start":{"line":49,"column":13},"end":{"line":49,"column":25}},"27":{"start":{"line":70,"column":24},"end":{"line":93,"column":1}},"28":{"start":{"line":71,"column":26},"end":{"line":73,"column":4}},"29":{"start":{"line":75,"column":27},"end":{"line":77,"column":4}},"30":{"start":{"line":78,"column":2},"end":{"line":78,"column":32}},"31":{"start":{"line":79,"column":14},"end":{"line":79,"column":20}},"32":{"start":{"line":80,"column":19},"end":{"line":87,"column":4}},"33":{"start":{"line":88,"column":2},"end":{"line":92,"column":3}},"34":{"start":{"line":89,"column":4},"end":{"line":89,"column":20}},"35":{"start":{"line":91,"column":4},"end":{"line":91,"column":80}},"36":{"start":{"line":70,"column":13},"end":{"line":70,"column":24}},"37":{"start":{"line":95,"column":30},"end":{"line":129,"column":1}},"38":{"start":{"line":100,"column":14},"end":{"line":100,"column":31}},"39":{"start":{"line":101,"column":2},"end":{"line":128,"column":3}},"40":{"start":{"line":102,"column":21},"end":{"line":114,"column":null}},"41":{"start":{"line":117,"column":4},"end":{"line":125,"column":5}},"42":{"start":{"line":118,"column":6},"end":{"line":118,"column":27}},"43":{"start":{"line":120,"column":6},"end":{"line":124,"column":8}},"44":{"start":{"line":127,"column":4},"end":{"line":127,"column":54}},"45":{"start":{"line":95,"column":13},"end":{"line":95,"column":30}},"46":{"start":{"line":131,"column":24},"end":{"line":151,"column":1}},"47":{"start":{"line":132,"column":14},"end":{"line":132,"column":44}},"48":{"start":{"line":133,"column":19},"end":{"line":138,"column":4}},"49":{"start":{"line":140,"column":2},"end":{"line":150,"column":3}},"50":{"start":{"line":141,"column":22},"end":{"line":141,"column":35}},"51":{"start":{"line":142,"column":4},"end":{"line":142,"column":16}},"52":{"start":{"line":143,"column":4},"end":{"line":143,"column":22}},"53":{"start":{"line":145,"column":4},"end":{"line":149,"column":6}},"54":{"start":{"line":131,"column":13},"end":{"line":131,"column":24}},"55":{"start":{"line":153,"column":21},"end":{"line":175,"column":1}},"56":{"start":{"line":154,"column":14},"end":{"line":154,"column":25}},"57":{"start":{"line":156,"column":2},"end":{"line":174,"column":3}},"58":{"start":{"line":157,"column":21},"end":{"line":161,"column":6}},"59":{"start":{"line":163,"column":4},"end":{"line":171,"column":5}},"60":{"start":{"line":164,"column":6},"end":{"line":164,"column":27}},"61":{"start":{"line":166,"column":6},"end":{"line":170,"column":8}},"62":{"start":{"line":173,"column":4},"end":{"line":173,"column":60}},"63":{"start":{"line":153,"column":13},"end":{"line":153,"column":21}},"64":{"start":{"line":176,"column":33},"end":{"line":202,"column":1}},"65":{"start":{"line":180,"column":14},"end":{"line":180,"column":58}},"66":{"start":{"line":182,"column":2},"end":{"line":201,"column":3}},"67":{"start":{"line":183,"column":21},"end":{"line":187,"column":6}},"68":{"start":{"line":189,"column":4},"end":{"line":198,"column":5}},"69":{"start":{"line":190,"column":19},"end":{"line":190,"column":32}},"70":{"start":{"line":191,"column":6},"end":{"line":191,"column":18}},"71":{"start":{"line":193,"column":6},"end":{"line":197,"column":8}},"72":{"start":{"line":200,"column":4},"end":{"line":200,"column":60}},"73":{"start":{"line":176,"column":13},"end":{"line":176,"column":33}}},"fnMap":{"0":{"name":"(anonymous_1)","decl":{"start":{"line":7,"column":30},"end":{"line":7,"column":35}},"loc":{"start":{"line":7,"column":58},"end":{"line":26,"column":1}}},"1":{"name":"(anonymous_2)","decl":{"start":{"line":28,"column":28},"end":{"line":28,"column":33}},"loc":{"start":{"line":28,"column":56},"end":{"line":47,"column":1}}},"2":{"name":"(anonymous_3)","decl":{"start":{"line":49,"column":25},"end":{"line":49,"column":30}},"loc":{"start":{"line":49,"column":53},"end":{"line":68,"column":1}}},"3":{"name":"(anonymous_4)","decl":{"start":{"line":70,"column":24},"end":{"line":70,"column":29}},"loc":{"start":{"line":70,"column":78},"end":{"line":93,"column":1}}},"4":{"name":"(anonymous_5)","decl":{"start":{"line":95,"column":30},"end":{"line":95,"column":35}},"loc":{"start":{"line":99,"column":4},"end":{"line":129,"column":1}}},"5":{"name":"(anonymous_6)","decl":{"start":{"line":131,"column":24},"end":{"line":131,"column":29}},"loc":{"start":{"line":131,"column":52},"end":{"line":151,"column":1}}},"6":{"name":"(anonymous_7)","decl":{"start":{"line":153,"column":21},"end":{"line":153,"column":26}},"loc":{"start":{"line":153,"column":49},"end":{"line":175,"column":1}}},"7":{"name":"(anonymous_8)","decl":{"start":{"line":176,"column":33},"end":{"line":176,"column":38}},"loc":{"start":{"line":179,"column":4},"end":{"line":202,"column":1}}}},"branchMap":{"0":{"loc":{"start":{"line":16,"column":2},"end":{"line":25,"column":3}},"type":"if","locations":[{"start":{"line":16,"column":2},"end":{"line":25,"column":3}},{"start":{"line":19,"column":9},"end":{"line":25,"column":3}}]},"1":{"loc":{"start":{"line":37,"column":2},"end":{"line":46,"column":3}},"type":"if","locations":[{"start":{"line":37,"column":2},"end":{"line":46,"column":3}},{"start":{"line":40,"column":9},"end":{"line":46,"column":3}}]},"2":{"loc":{"start":{"line":58,"column":2},"end":{"line":67,"column":3}},"type":"if","locations":[{"start":{"line":58,"column":2},"end":{"line":67,"column":3}},{"start":{"line":61,"column":9},"end":{"line":67,"column":3}}]},"3":{"loc":{"start":{"line":88,"column":2},"end":{"line":92,"column":3}},"type":"if","locations":[{"start":{"line":88,"column":2},"end":{"line":92,"column":3}},{"start":{"line":90,"column":9},"end":{"line":92,"column":3}}]},"4":{"loc":{"start":{"line":117,"column":4},"end":{"line":125,"column":5}},"type":"if","locations":[{"start":{"line":117,"column":4},"end":{"line":125,"column":5}},{"start":{"line":119,"column":11},"end":{"line":125,"column":5}}]},"5":{"loc":{"start":{"line":140,"column":2},"end":{"line":150,"column":3}},"type":"if","locations":[{"start":{"line":140,"column":2},"end":{"line":150,"column":3}},{"start":{"line":144,"column":9},"end":{"line":150,"column":3}}]},"6":{"loc":{"start":{"line":163,"column":4},"end":{"line":171,"column":5}},"type":"if","locations":[{"start":{"line":163,"column":4},"end":{"line":171,"column":5}},{"start":{"line":165,"column":11},"end":{"line":171,"column":5}}]},"7":{"loc":{"start":{"line":189,"column":4},"end":{"line":198,"column":5}},"type":"if","locations":[{"start":{"line":189,"column":4},"end":{"line":198,"column":5}},{"start":{"line":192,"column":11},"end":{"line":198,"column":5}}]}},"s":{"0":1,"1":1,"2":1,"3":1,"4":0,"5":0,"6":0,"7":0,"8":0,"9":0,"10":1,"11":1,"12":0,"13":0,"14":0,"15":0,"16":0,"17":0,"18":1,"19":1,"20":0,"21":0,"22":0,"23":0,"24":0,"25":0,"26":1,"27":1,"28":0,"29":0,"30":0,"31":0,"32":0,"33":0,"34":0,"35":0,"36":1,"37":1,"38":0,"39":0,"40":0,"41":0,"42":0,"43":0,"44":0,"45":1,"46":1,"47":0,"48":0,"49":0,"50":0,"51":0,"52":0,"53":0,"54":1,"55":1,"56":0,"57":0,"58":0,"59":0,"60":0,"61":0,"62":0,"63":1,"64":1,"65":0,"66":0,"67":0,"68":0,"69":0,"70":0,"71":0,"72":0,"73":1},"f":{"0":0,"1":0,"2":0,"3":0,"4":0,"5":0,"6":0,"7":0},"b":{"0":[0,0],"1":[0,0],"2":[0,0],"3":[0,0],"4":[0,0],"5":[0,0],"6":[0,0],"7":[0,0]}}
,"C:\\Users\\SaipriyaRachamadugu\\react-admin\\tests\\src\\components\\Dashboard-template.tsx": {"path":"C:\\Users\\SaipriyaRachamadugu\\react-admin\\tests\\src\\components\\Dashboard-template.tsx","statementMap":{"0":{"start":{"line":1,"column":0},"end":{"line":1,"column":31}},"1":{"start":{"line":2,"column":0},"end":{"line":2,"column":74}},"2":{"start":{"line":3,"column":0},"end":{"line":3,"column":36}},"3":{"start":{"line":4,"column":0},"end":{"line":4,"column":45}},"4":{"start":{"line":5,"column":0},"end":{"line":5,"column":80}},"5":{"start":{"line":6,"column":0},"end":{"line":6,"column":44}},"6":{"start":{"line":7,"column":0},"end":{"line":7,"column":38}},"7":{"start":{"line":8,"column":0},"end":{"line":8,"column":52}},"8":{"start":{"line":9,"column":0},"end":{"line":9,"column":50}},"9":{"start":{"line":10,"column":0},"end":{"line":10,"column":44}},"10":{"start":{"line":11,"column":0},"end":{"line":11,"column":50}},"11":{"start":{"line":12,"column":0},"end":{"line":12,"column":48}},"12":{"start":{"line":13,"column":0},"end":{"line":13,"column":62}},"13":{"start":{"line":14,"column":0},"end":{"line":14,"column":64}},"14":{"start":{"line":15,"column":0},"end":{"line":15,"column":46}},"15":{"start":{"line":16,"column":0},"end":{"line":16,"column":58}},"16":{"start":{"line":17,"column":0},"end":{"line":17,"column":54}},"17":{"start":{"line":18,"column":0},"end":{"line":18,"column":54}},"18":{"start":{"line":19,"column":0},"end":{"line":19,"column":40}},"19":{"start":{"line":20,"column":0},"end":{"line":20,"column":null}},"20":{"start":{"line":27,"column":20},"end":{"line":27,"column":23}},"21":{"start":{"line":29,"column":20},"end":{"line":36,"column":2}},"22":{"start":{"line":29,"column":50},"end":{"line":36,"column":2}},"23":{"start":{"line":38,"column":20},"end":{"line":48,"column":2}},"24":{"start":{"line":38,"column":50},"end":{"line":48,"column":2}},"25":{"start":{"line":50,"column":21},"end":{"line":56,"column":3}},"26":{"start":{"line":50,"column":51},"end":{"line":56,"column":2}},"27":{"start":{"line":62,"column":15},"end":{"line":78,"column":3}},"28":{"start":{"line":63,"column":31},"end":{"line":63,"column":46}},"29":{"start":{"line":64,"column":38},"end":{"line":78,"column":2}},"30":{"start":{"line":80,"column":15},"end":{"line":95,"column":3}},"31":{"start":{"line":81,"column":31},"end":{"line":81,"column":46}},"32":{"start":{"line":82,"column":25},"end":{"line":95,"column":2}},"33":{"start":{"line":98,"column":16},"end":{"line":98,"column":26}},"34":{"start":{"line":99,"column":26},"end":{"line":99,"column":47}},"35":{"start":{"line":101,"column":27},"end":{"line":103,"column":3}},"36":{"start":{"line":102,"column":4},"end":{"line":102,"column":18}},"37":{"start":{"line":105,"column":28},"end":{"line":107,"column":3}},"38":{"start":{"line":106,"column":4},"end":{"line":106,"column":19}},"39":{"start":{"line":109,"column":2},"end":{"line":191,"column":4}},"40":{"start":{"line":162,"column":12},"end":{"line":162,"column":33}},"41":{"start":{"line":97,"column":0},"end":{"line":97,"column":24}}},"fnMap":{"0":{"name":"(anonymous_7)","decl":{"start":{"line":29,"column":20},"end":{"line":29,"column":21}},"loc":{"start":{"line":29,"column":50},"end":{"line":36,"column":2}}},"1":{"name":"(anonymous_8)","decl":{"start":{"line":38,"column":20},"end":{"line":38,"column":21}},"loc":{"start":{"line":38,"column":50},"end":{"line":48,"column":2}}},"2":{"name":"(anonymous_9)","decl":{"start":{"line":50,"column":35},"end":{"line":50,"column":36}},"loc":{"start":{"line":50,"column":51},"end":{"line":56,"column":2}}},"3":{"name":"(anonymous_10)","decl":{"start":{"line":63,"column":21},"end":{"line":63,"column":22}},"loc":{"start":{"line":63,"column":31},"end":{"line":63,"column":46}}},"4":{"name":"(anonymous_11)","decl":{"start":{"line":64,"column":16},"end":{"line":64,"column":17}},"loc":{"start":{"line":64,"column":38},"end":{"line":78,"column":2}}},"5":{"name":"(anonymous_12)","decl":{"start":{"line":81,"column":21},"end":{"line":81,"column":22}},"loc":{"start":{"line":81,"column":31},"end":{"line":81,"column":46}}},"6":{"name":"(anonymous_13)","decl":{"start":{"line":82,"column":3},"end":{"line":82,"column":4}},"loc":{"start":{"line":82,"column":25},"end":{"line":95,"column":2}}},"7":{"name":"MiniDrawer","decl":{"start":{"line":97,"column":24},"end":{"line":97,"column":34}},"loc":{"start":{"line":97,"column":34},"end":{"line":192,"column":1}}},"8":{"name":"(anonymous_15)","decl":{"start":{"line":101,"column":27},"end":{"line":101,"column":30}},"loc":{"start":{"line":101,"column":32},"end":{"line":103,"column":3}}},"9":{"name":"(anonymous_16)","decl":{"start":{"line":105,"column":28},"end":{"line":105,"column":31}},"loc":{"start":{"line":105,"column":33},"end":{"line":107,"column":3}}},"10":{"name":"(anonymous_17)","decl":{"start":{"line":161,"column":16},"end":{"line":161,"column":17}},"loc":{"start":{"line":162,"column":12},"end":{"line":162,"column":33}}}},"branchMap":{"0":{"loc":{"start":{"line":70,"column":6},"end":{"line":77,"column":4}},"type":"binary-expr","locations":[{"start":{"line":70,"column":6},"end":{"line":70,"column":10}},{"start":{"line":70,"column":14},"end":{"line":77,"column":4}}]},"1":{"loc":{"start":{"line":87,"column":6},"end":{"line":90,"column":4}},"type":"binary-expr","locations":[{"start":{"line":87,"column":6},"end":{"line":87,"column":10}},{"start":{"line":87,"column":14},"end":{"line":90,"column":4}}]},"2":{"loc":{"start":{"line":91,"column":6},"end":{"line":94,"column":4}},"type":"binary-expr","locations":[{"start":{"line":91,"column":6},"end":{"line":91,"column":11}},{"start":{"line":91,"column":15},"end":{"line":94,"column":4}}]},"3":{"loc":{"start":{"line":121,"column":18},"end":{"line":121,"column":45}},"type":"binary-expr","locations":[{"start":{"line":121,"column":18},"end":{"line":121,"column":22}},{"start":{"line":121,"column":26},"end":{"line":121,"column":45}}]},"4":{"loc":{"start":{"line":134,"column":13},"end":{"line":137,"column":null}},"type":"cond-expr","locations":[{"start":{"line":135,"column":14},"end":{"line":135,"column":34}},{"start":{"line":137,"column":14},"end":{"line":137,"column":33}}]},"5":{"loc":{"start":{"line":168,"column":34},"end":{"line":168,"column":61}},"type":"cond-expr","locations":[{"start":{"line":168,"column":41},"end":{"line":168,"column":50}},{"start":{"line":168,"column":53},"end":{"line":168,"column":61}}]},"6":{"loc":{"start":{"line":175,"column":24},"end":{"line":175,"column":41}},"type":"cond-expr","locations":[{"start":{"line":175,"column":31},"end":{"line":175,"column":32}},{"start":{"line":175,"column":35},"end":{"line":175,"column":41}}]},"7":{"loc":{"start":{"line":181,"column":60},"end":{"line":181,"column":72}},"type":"cond-expr","locations":[{"start":{"line":181,"column":67},"end":{"line":181,"column":68}},{"start":{"line":181,"column":71},"end":{"line":181,"column":72}}]}},"s":{"0":1,"1":1,"2":1,"3":1,"4":1,"5":1,"6":1,"7":1,"8":1,"9":1,"10":1,"11":1,"12":1,"13":1,"14":1,"15":1,"16":1,"17":1,"18":1,"19":1,"20":1,"21":1,"22":0,"23":1,"24":8,"25":1,"26":8,"27":1,"28":13,"29":4,"30":1,"31":13,"32":4,"33":4,"34":4,"35":4,"36":0,"37":4,"38":0,"39":4,"40":16,"41":1},"f":{"0":0,"1":8,"2":8,"3":13,"4":4,"5":13,"6":4,"7":4,"8":0,"9":0,"10":16},"b":{"0":[4,0],"1":[4,0],"2":[4,4],"3":[4,0],"4":[0,4],"5":[0,16],"6":[0,16],"7":[0,16]}}
,"C:\\Users\\SaipriyaRachamadugu\\react-admin\\tests\\src\\components\\Layout.tsx": {"path":"C:\\Users\\SaipriyaRachamadugu\\react-admin\\tests\\src\\components\\Layout.tsx","statementMap":{"0":{"start":{"line":1,"column":0},"end":{"line":1,"column":36}},"1":{"start":{"line":2,"column":0},"end":{"line":2,"column":52}},"2":{"start":{"line":3,"column":0},"end":{"line":3,"column":46}},"3":{"start":{"line":6,"column":15},"end":{"line":16,"column":1}},"4":{"start":{"line":7,"column":2},"end":{"line":15,"column":4}},"5":{"start":{"line":18,"column":0},"end":{"line":18,"column":22}}},"fnMap":{"0":{"name":"(anonymous_1)","decl":{"start":{"line":6,"column":15},"end":{"line":6,"column":16}},"loc":{"start":{"line":6,"column":57},"end":{"line":16,"column":1}}}},"branchMap":{},"s":{"0":1,"1":1,"2":1,"3":1,"4":4,"5":1},"f":{"0":4},"b":{}}
,"C:\\Users\\SaipriyaRachamadugu\\react-admin\\tests\\src\\components\\Table.tsx": {"path":"C:\\Users\\SaipriyaRachamadugu\\react-admin\\tests\\src\\components\\Table.tsx","statementMap":{"0":{"start":{"line":1,"column":0},"end":{"line":1,"column":56}},"1":{"start":{"line":2,"column":0},"end":{"line":2,"column":44}},"2":{"start":{"line":3,"column":0},"end":{"line":3,"column":null}},"3":{"start":{"line":16,"column":0},"end":{"line":16,"column":52}},"4":{"start":{"line":17,"column":0},"end":{"line":17,"column":47}},"5":{"start":{"line":18,"column":0},"end":{"line":18,"column":30}},"6":{"start":{"line":20,"column":18},"end":{"line":88,"column":1}},"7":{"start":{"line":21,"column":34},"end":{"line":21,"column":58}},"8":{"start":{"line":22,"column":20},"end":{"line":22,"column":41}},"9":{"start":{"line":24,"column":19},"end":{"line":24,"column":32}},"10":{"start":{"line":26,"column":2},"end":{"line":33,"column":9}},"11":{"start":{"line":27,"column":22},"end":{"line":31,"column":5}},"12":{"start":{"line":28,"column":19},"end":{"line":28,"column":40}},"13":{"start":{"line":29,"column":6},"end":{"line":29,"column":29}},"14":{"start":{"line":30,"column":6},"end":{"line":30,"column":24}},"15":{"start":{"line":32,"column":4},"end":{"line":32,"column":16}},"16":{"start":{"line":35,"column":21},"end":{"line":37,"column":3}},"17":{"start":{"line":36,"column":4},"end":{"line":36,"column":27}},"18":{"start":{"line":39,"column":22},"end":{"line":78,"column":3}},"19":{"start":{"line":40,"column":4},"end":{"line":77,"column":6}},"20":{"start":{"line":55,"column":16},"end":{"line":55,"column":38}},"21":{"start":{"line":80,"column":2},"end":{"line":87,"column":4}},"22":{"start":{"line":90,"column":0},"end":{"line":90,"column":25}}},"fnMap":{"0":{"name":"(anonymous_1)","decl":{"start":{"line":20,"column":18},"end":{"line":20,"column":21}},"loc":{"start":{"line":20,"column":23},"end":{"line":88,"column":1}}},"1":{"name":"(anonymous_2)","decl":{"start":{"line":26,"column":12},"end":{"line":26,"column":15}},"loc":{"start":{"line":26,"column":17},"end":{"line":33,"column":3}}},"2":{"name":"(anonymous_3)","decl":{"start":{"line":27,"column":22},"end":{"line":27,"column":27}},"loc":{"start":{"line":27,"column":33},"end":{"line":31,"column":5}}},"3":{"name":"(anonymous_4)","decl":{"start":{"line":35,"column":21},"end":{"line":35,"column":24}},"loc":{"start":{"line":35,"column":26},"end":{"line":37,"column":3}}},"4":{"name":"(anonymous_5)","decl":{"start":{"line":39,"column":22},"end":{"line":39,"column":25}},"loc":{"start":{"line":39,"column":27},"end":{"line":78,"column":3}}},"5":{"name":"(anonymous_6)","decl":{"start":{"line":54,"column":28},"end":{"line":54,"column":29}},"loc":{"start":{"line":55,"column":16},"end":{"line":55,"column":38}}}},"branchMap":{"0":{"loc":{"start":{"line":84,"column":7},"end":{"line":84,"column":57}},"type":"cond-expr","locations":[{"start":{"line":84,"column":29},"end":{"line":84,"column":42}},{"start":{"line":84,"column":45},"end":{"line":84,"column":57}}]}},"s":{"0":1,"1":1,"2":1,"3":1,"4":1,"5":1,"6":1,"7":4,"8":3,"9":3,"10":3,"11":2,"12":2,"13":2,"14":2,"15":2,"16":3,"17":0,"18":3,"19":1,"20":1,"21":3,"22":1},"f":{"0":4,"1":2,"2":2,"3":0,"4":1,"5":1},"b":{"0":[1,2]}}
,"C:\\Users\\SaipriyaRachamadugu\\react-admin\\tests\\src\\context\\TokenContext.ts": {"path":"C:\\Users\\SaipriyaRachamadugu\\react-admin\\tests\\src\\context\\TokenContext.ts","statementMap":{"0":{"start":{"line":1,"column":0},"end":{"line":1,"column":38}},"1":{"start":{"line":3,"column":13},"end":{"line":3,"column":54}}},"fnMap":{},"branchMap":{},"s":{"0":1,"1":1},"f":{},"b":{}}
}
