{"C:\\Users\\SaipriyaRachamadugu\\react-admin\\tests\\src\\AuthToken.tsx": {"path":"C:\\Users\\SaipriyaRachamadugu\\react-admin\\tests\\src\\AuthToken.tsx","statementMap":{"0":{"start":{"line":1,"column":0},"end":{"line":1,"column":46}},"1":{"start":{"line":3,"column":19},"end":{"line":18,"column":1}},"2":{"start":{"line":4,"column":30},"end":{"line":4,"column":50}},"3":{"start":{"line":5,"column":28},"end":{"line":7,"column":3}},"4":{"start":{"line":6,"column":4},"end":{"line":6,"column":30}},"5":{"start":{"line":8,"column":23},"end":{"line":10,"column":3}},"6":{"start":{"line":9,"column":4},"end":{"line":9,"column":21}},"7":{"start":{"line":12,"column":2},"end":{"line":17,"column":4}},"8":{"start":{"line":20,"column":0},"end":{"line":20,"column":26}}},"fnMap":{"0":{"name":"(anonymous_0)","decl":{"start":{"line":3,"column":19},"end":{"line":3,"column":20}},"loc":{"start":{"line":3,"column":76},"end":{"line":18,"column":1}}},"1":{"name":"(anonymous_1)","decl":{"start":{"line":5,"column":28},"end":{"line":5,"column":29}},"loc":{"start":{"line":5,"column":65},"end":{"line":7,"column":3}}},"2":{"name":"(anonymous_2)","decl":{"start":{"line":8,"column":23},"end":{"line":8,"column":26}},"loc":{"start":{"line":8,"column":28},"end":{"line":10,"column":3}}}},"branchMap":{},"s":{"0":2,"1":2,"2":9,"3":9,"4":3,"5":9,"6":2,"7":9,"8":2},"f":{"0":9,"1":3,"2":2},"b":{}}
,"C:\\Users\\SaipriyaRachamadugu\\react-admin\\tests\\src\\Calculator.tsx": {"path":"C:\\Users\\SaipriyaRachamadugu\\react-admin\\tests\\src\\Calculator.tsx","statementMap":{"0":{"start":{"line":1,"column":0},"end":{"line":1,"column":40}},"1":{"start":{"line":2,"column":0},"end":{"line":2,"column":68}},"2":{"start":{"line":4,"column":29},"end":{"line":131,"column":1}},"3":{"start":{"line":5,"column":26},"end":{"line":5,"column":51}},"4":{"start":{"line":6,"column":26},"end":{"line":6,"column":51}},"5":{"start":{"line":7,"column":30},"end":{"line":7,"column":59}},"6":{"start":{"line":9,"column":26},"end":{"line":22,"column":3}},"7":{"start":{"line":13,"column":18},"end":{"line":13,"column":32}},"8":{"start":{"line":15,"column":4},"end":{"line":21,"column":5}},"9":{"start":{"line":16,"column":6},"end":{"line":20,"column":7}},"10":{"start":{"line":17,"column":8},"end":{"line":17,"column":31}},"11":{"start":{"line":19,"column":8},"end":{"line":19,"column":31}},"12":{"start":{"line":24,"column":26},"end":{"line":51,"column":3}},"13":{"start":{"line":25,"column":4},"end":{"line":28,"column":5}},"14":{"start":{"line":26,"column":6},"end":{"line":26,"column":33}},"15":{"start":{"line":27,"column":6},"end":{"line":27,"column":13}},"16":{"start":{"line":32,"column":4},"end":{"line":47,"column":5}},"17":{"start":{"line":34,"column":8},"end":{"line":34,"column":42}},"18":{"start":{"line":35,"column":8},"end":{"line":35,"column":14}},"19":{"start":{"line":37,"column":8},"end":{"line":37,"column":42}},"20":{"start":{"line":38,"column":8},"end":{"line":38,"column":14}},"21":{"start":{"line":40,"column":8},"end":{"line":40,"column":42}},"22":{"start":{"line":41,"column":8},"end":{"line":41,"column":14}},"23":{"start":{"line":43,"column":8},"end":{"line":43,"column":42}},"24":{"start":{"line":44,"column":8},"end":{"line":44,"column":14}},"25":{"start":{"line":46,"column":8},"end":{"line":46,"column":20}},"26":{"start":{"line":49,"column":4},"end":{"line":49,"column":22}},"27":{"start":{"line":50,"column":4},"end":{"line":50,"column":24}},"28":{"start":{"line":53,"column":2},"end":{"line":130,"column":4}},"29":{"start":{"line":67,"column":27},"end":{"line":67,"column":53}},"30":{"start":{"line":77,"column":27},"end":{"line":77,"column":53}},"31":{"start":{"line":85,"column":27},"end":{"line":85,"column":47}},"32":{"start":{"line":94,"column":27},"end":{"line":94,"column":47}},"33":{"start":{"line":103,"column":27},"end":{"line":103,"column":47}},"34":{"start":{"line":112,"column":27},"end":{"line":112,"column":47}},"35":{"start":{"line":133,"column":0},"end":{"line":133,"column":26}}},"fnMap":{"0":{"name":"(anonymous_0)","decl":{"start":{"line":4,"column":29},"end":{"line":4,"column":32}},"loc":{"start":{"line":4,"column":34},"end":{"line":131,"column":1}}},"1":{"name":"(anonymous_1)","decl":{"start":{"line":9,"column":26},"end":{"line":9,"column":null}},"loc":{"start":{"line":12,"column":6},"end":{"line":22,"column":3}}},"2":{"name":"(anonymous_2)","decl":{"start":{"line":24,"column":26},"end":{"line":24,"column":27}},"loc":{"start":{"line":24,"column":63},"end":{"line":51,"column":3}}},"3":{"name":"(anonymous_3)","decl":{"start":{"line":67,"column":20},"end":{"line":67,"column":21}},"loc":{"start":{"line":67,"column":27},"end":{"line":67,"column":53}}},"4":{"name":"(anonymous_4)","decl":{"start":{"line":77,"column":20},"end":{"line":77,"column":21}},"loc":{"start":{"line":77,"column":27},"end":{"line":77,"column":53}}},"5":{"name":"(anonymous_5)","decl":{"start":{"line":85,"column":21},"end":{"line":85,"column":24}},"loc":{"start":{"line":85,"column":27},"end":{"line":85,"column":47}}},"6":{"name":"(anonymous_6)","decl":{"start":{"line":94,"column":21},"end":{"line":94,"column":24}},"loc":{"start":{"line":94,"column":27},"end":{"line":94,"column":47}}},"7":{"name":"(anonymous_7)","decl":{"start":{"line":103,"column":21},"end":{"line":103,"column":24}},"loc":{"start":{"line":103,"column":27},"end":{"line":103,"column":47}}},"8":{"name":"(anonymous_8)","decl":{"start":{"line":112,"column":21},"end":{"line":112,"column":24}},"loc":{"start":{"line":112,"column":27},"end":{"line":112,"column":47}}}},"branchMap":{"0":{"loc":{"start":{"line":15,"column":4},"end":{"line":21,"column":5}},"type":"if","locations":[{"start":{"line":15,"column":4},"end":{"line":21,"column":5}}]},"1":{"loc":{"start":{"line":16,"column":6},"end":{"line":20,"column":7}},"type":"if","locations":[{"start":{"line":16,"column":6},"end":{"line":20,"column":7}},{"start":{"line":18,"column":13},"end":{"line":20,"column":7}}]},"2":{"loc":{"start":{"line":25,"column":4},"end":{"line":28,"column":5}},"type":"if","locations":[{"start":{"line":25,"column":4},"end":{"line":28,"column":5}}]},"3":{"loc":{"start":{"line":25,"column":8},"end":{"line":25,"column":34}},"type":"binary-expr","locations":[{"start":{"line":25,"column":8},"end":{"line":25,"column":19}},{"start":{"line":25,"column":23},"end":{"line":25,"column":34}}]},"4":{"loc":{"start":{"line":32,"column":4},"end":{"line":47,"column":5}},"type":"switch","locations":[{"start":{"line":33,"column":6},"end":{"line":35,"column":14}},{"start":{"line":36,"column":6},"end":{"line":38,"column":14}},{"start":{"line":39,"column":6},"end":{"line":41,"column":14}},{"start":{"line":42,"column":6},"end":{"line":44,"column":14}},{"start":{"line":45,"column":6},"end":{"line":46,"column":20}}]},"5":{"loc":{"start":{"line":118,"column":7},"end":{"line":127,"column":null}},"type":"binary-expr","locations":[{"start":{"line":118,"column":7},"end":{"line":118,"column":20}},{"start":{"line":119,"column":8},"end":{"line":126,"column":null}}]},"6":{"loc":{"start":{"line":125,"column":21},"end":{"line":125,"column":76}},"type":"cond-expr","locations":[{"start":{"line":125,"column":50},"end":{"line":125,"column":67}},{"start":{"line":125,"column":70},"end":{"line":125,"column":76}}]}},"s":{"0":1,"1":1,"2":1,"3":76,"4":76,"5":76,"6":76,"7":37,"8":37,"9":37,"10":19,"11":18,"12":76,"13":19,"14":1,"15":1,"16":18,"17":4,"18":4,"19":4,"20":4,"21":5,"22":5,"23":5,"24":5,"25":0,"26":18,"27":18,"28":76,"29":19,"30":18,"31":5,"32":4,"33":5,"34":5,"35":1},"f":{"0":76,"1":37,"2":19,"3":19,"4":18,"5":5,"6":4,"7":5,"8":5},"b":{"0":[37],"1":[19,18],"2":[1],"3":[19,19],"4":[4,4,5,5,0],"5":[76,19],"6":[0,19]}}
,"C:\\Users\\SaipriyaRachamadugu\\react-admin\\tests\\src\\Company-add-form.tsx": {"path":"C:\\Users\\SaipriyaRachamadugu\\react-admin\\tests\\src\\Company-add-form.tsx","statementMap":{"0":{"start":{"line":2,"column":0},"end":{"line":2,"column":68}},"1":{"start":{"line":3,"column":19},"end":{"line":3,"column":25}},"2":{"start":{"line":4,"column":21},"end":{"line":4,"column":26}},"3":{"start":{"line":5,"column":0},"end":{"line":5,"column":44}},"4":{"start":{"line":7,"column":21},"end":{"line":28,"column":1}},"5":{"start":{"line":8,"column":40},"end":{"line":8,"column":55}},"6":{"start":{"line":10,"column":17},"end":{"line":10,"column":40}},"7":{"start":{"line":12,"column":2},"end":{"line":21,"column":15}},"8":{"start":{"line":13,"column":4},"end":{"line":20,"column":6}},"9":{"start":{"line":15,"column":8},"end":{"line":15,"column":29}},"10":{"start":{"line":18,"column":8},"end":{"line":18,"column":30}},"11":{"start":{"line":23,"column":2},"end":{"line":27,"column":4}},"12":{"start":{"line":30,"column":29},"end":{"line":245,"column":1}},"13":{"start":{"line":31,"column":17},"end":{"line":31,"column":31}},"14":{"start":{"line":33,"column":27},"end":{"line":33,"column":69}},"15":{"start":{"line":34,"column":29},"end":{"line":34,"column":77}},"16":{"start":{"line":35,"column":30},"end":{"line":35,"column":63}},"17":{"start":{"line":37,"column":27},"end":{"line":37,"column":50}},"18":{"start":{"line":38,"column":27},"end":{"line":38,"column":63}},"19":{"start":{"line":39,"column":35},"end":{"line":44,"column":4}},"20":{"start":{"line":46,"column":19},"end":{"line":49,"column":3}},"21":{"start":{"line":47,"column":4},"end":{"line":47,"column":38}},"22":{"start":{"line":48,"column":4},"end":{"line":48,"column":23}},"23":{"start":{"line":51,"column":2},"end":{"line":244,"column":4}},"24":{"start":{"line":90,"column":22},"end":{"line":90,"column":42}},"25":{"start":{"line":99,"column":22},"end":{"line":99,"column":42}},"26":{"start":{"line":126,"column":18},"end":{"line":126,"column":38}},"27":{"start":{"line":148,"column":18},"end":{"line":148,"column":38}},"28":{"start":{"line":180,"column":22},"end":{"line":180,"column":42}},"29":{"start":{"line":218,"column":18},"end":{"line":218,"column":38}},"30":{"start":{"line":247,"column":0},"end":{"line":247,"column":26}}},"fnMap":{"0":{"name":"(anonymous_0)","decl":{"start":{"line":7,"column":21},"end":{"line":7,"column":22}},"loc":{"start":{"line":7,"column":58},"end":{"line":28,"column":1}}},"1":{"name":"(anonymous_1)","decl":{"start":{"line":12,"column":12},"end":{"line":12,"column":15}},"loc":{"start":{"line":12,"column":17},"end":{"line":21,"column":3}}},"2":{"name":"(anonymous_2)","decl":{"start":{"line":14,"column":6},"end":{"line":14,"column":9}},"loc":{"start":{"line":14,"column":11},"end":{"line":16,"column":7}}},"3":{"name":"(anonymous_3)","decl":{"start":{"line":17,"column":6},"end":{"line":17,"column":9}},"loc":{"start":{"line":17,"column":11},"end":{"line":19,"column":7}}},"4":{"name":"(anonymous_4)","decl":{"start":{"line":30,"column":29},"end":{"line":30,"column":32}},"loc":{"start":{"line":30,"column":34},"end":{"line":245,"column":1}}},"5":{"name":"(anonymous_5)","decl":{"start":{"line":46,"column":19},"end":{"line":46,"column":20}},"loc":{"start":{"line":46,"column":35},"end":{"line":49,"column":3}}},"6":{"name":"(anonymous_6)","decl":{"start":{"line":89,"column":42},"end":{"line":89,"column":43}},"loc":{"start":{"line":90,"column":22},"end":{"line":90,"column":42}}},"7":{"name":"(anonymous_7)","decl":{"start":{"line":98,"column":42},"end":{"line":98,"column":43}},"loc":{"start":{"line":99,"column":22},"end":{"line":99,"column":42}}},"8":{"name":"(anonymous_8)","decl":{"start":{"line":125,"column":38},"end":{"line":125,"column":39}},"loc":{"start":{"line":126,"column":18},"end":{"line":126,"column":38}}},"9":{"name":"(anonymous_9)","decl":{"start":{"line":147,"column":40},"end":{"line":147,"column":41}},"loc":{"start":{"line":148,"column":18},"end":{"line":148,"column":38}}},"10":{"name":"(anonymous_10)","decl":{"start":{"line":179,"column":50},"end":{"line":179,"column":51}},"loc":{"start":{"line":180,"column":22},"end":{"line":180,"column":42}}},"11":{"name":"(anonymous_11)","decl":{"start":{"line":217,"column":41},"end":{"line":217,"column":42}},"loc":{"start":{"line":218,"column":18},"end":{"line":218,"column":38}}}},"branchMap":{},"s":{"0":1,"1":1,"2":1,"3":1,"4":1,"5":23,"6":23,"7":23,"8":21,"9":0,"10":21,"11":23,"12":1,"13":5,"14":5,"15":5,"16":5,"17":5,"18":5,"19":5,"20":5,"21":0,"22":0,"23":5,"24":10,"25":25,"26":15,"27":15,"28":20,"29":15,"30":1},"f":{"0":23,"1":21,"2":0,"3":21,"4":5,"5":0,"6":10,"7":25,"8":15,"9":15,"10":20,"11":15},"b":{}}
,"C:\\Users\\SaipriyaRachamadugu\\react-admin\\tests\\src\\Context-provider.tsx": {"path":"C:\\Users\\SaipriyaRachamadugu\\react-admin\\tests\\src\\Context-provider.tsx","statementMap":{"0":{"start":{"line":1,"column":0},"end":{"line":1,"column":33}},"1":{"start":{"line":2,"column":0},"end":{"line":2,"column":37}},"2":{"start":{"line":3,"column":0},"end":{"line":3,"column":46}},"3":{"start":{"line":4,"column":0},"end":{"line":4,"column":42}},"4":{"start":{"line":5,"column":24},"end":{"line":19,"column":1}},"5":{"start":{"line":6,"column":30},"end":{"line":6,"column":50}},"6":{"start":{"line":8,"column":23},"end":{"line":10,"column":3}},"7":{"start":{"line":9,"column":4},"end":{"line":9,"column":22}},"8":{"start":{"line":11,"column":2},"end":{"line":18,"column":4}},"9":{"start":{"line":21,"column":0},"end":{"line":21,"column":31}}},"fnMap":{"0":{"name":"(anonymous_1)","decl":{"start":{"line":5,"column":24},"end":{"line":5,"column":27}},"loc":{"start":{"line":5,"column":29},"end":{"line":19,"column":1}}},"1":{"name":"(anonymous_2)","decl":{"start":{"line":8,"column":23},"end":{"line":8,"column":24}},"loc":{"start":{"line":8,"column":42},"end":{"line":10,"column":3}}}},"branchMap":{},"s":{"0":1,"1":1,"2":1,"3":1,"4":1,"5":4,"6":3,"7":1,"8":3,"9":1},"f":{"0":4,"1":1},"b":{}}
,"C:\\Users\\SaipriyaRachamadugu\\react-admin\\tests\\src\\Create-context.ts": {"path":"C:\\Users\\SaipriyaRachamadugu\\react-admin\\tests\\src\\Create-context.ts","statementMap":{"0":{"start":{"line":1,"column":0},"end":{"line":1,"column":38}},"1":{"start":{"line":3,"column":13},"end":{"line":3,"column":56}}},"fnMap":{},"branchMap":{},"s":{"0":3,"1":3},"f":{},"b":{}}
,"C:\\Users\\SaipriyaRachamadugu\\react-admin\\tests\\src\\Csv-form.tsx": {"path":"C:\\Users\\SaipriyaRachamadugu\\react-admin\\tests\\src\\Csv-form.tsx","statementMap":{"0":{"start":{"line":1,"column":0},"end":{"line":1,"column":40}},"1":{"start":{"line":2,"column":0},"end":{"line":2,"column":60}},"2":{"start":{"line":16,"column":19},"end":{"line":16,"column":25}},"3":{"start":{"line":18,"column":54},"end":{"line":136,"column":1}},"4":{"start":{"line":19,"column":17},"end":{"line":19,"column":31}},"5":{"start":{"line":20,"column":44},"end":{"line":20,"column":58}},"6":{"start":{"line":21,"column":44},"end":{"line":21,"column":59}},"7":{"start":{"line":22,"column":42},"end":{"line":22,"column":69}},"8":{"start":{"line":24,"column":16},"end":{"line":26,"column":3}},"9":{"start":{"line":25,"column":4},"end":{"line":25,"column":52}},"10":{"start":{"line":28,"column":23},"end":{"line":37,"column":3}},"11":{"start":{"line":29,"column":4},"end":{"line":35,"column":5}},"12":{"start":{"line":30,"column":6},"end":{"line":30,"column":74}},"13":{"start":{"line":31,"column":6},"end":{"line":31,"column":30}},"14":{"start":{"line":33,"column":6},"end":{"line":33,"column":29}},"15":{"start":{"line":34,"column":6},"end":{"line":34,"column":28}},"16":{"start":{"line":36,"column":4},"end":{"line":36,"column":17}},"17":{"start":{"line":39,"column":19},"end":{"line":51,"column":3}},"18":{"start":{"line":40,"column":17},"end":{"line":40,"column":47}},"19":{"start":{"line":41,"column":19},"end":{"line":41,"column":66}},"20":{"start":{"line":41,"column":53},"end":{"line":41,"column":65}},"21":{"start":{"line":43,"column":4},"end":{"line":50,"column":7}},"22":{"start":{"line":44,"column":21},"end":{"line":44,"column":64}},"23":{"start":{"line":44,"column":51},"end":{"line":44,"column":63}},"24":{"start":{"line":45,"column":34},"end":{"line":45,"column":36}},"25":{"start":{"line":46,"column":6},"end":{"line":48,"column":9}},"26":{"start":{"line":47,"column":8},"end":{"line":47,"column":44}},"27":{"start":{"line":49,"column":6},"end":{"line":49,"column":22}},"28":{"start":{"line":53,"column":23},"end":{"line":91,"column":3}},"29":{"start":{"line":54,"column":4},"end":{"line":90,"column":5}},"30":{"start":{"line":55,"column":21},"end":{"line":55,"column":48}},"31":{"start":{"line":56,"column":34},"end":{"line":56,"column":40}},"32":{"start":{"line":58,"column":6},"end":{"line":85,"column":7}},"33":{"start":{"line":59,"column":8},"end":{"line":59,"column":31}},"34":{"start":{"line":61,"column":23},"end":{"line":61,"column":39}},"35":{"start":{"line":63,"column":8},"end":{"line":82,"column":10}},"36":{"start":{"line":64,"column":10},"end":{"line":81,"column":11}},"37":{"start":{"line":65,"column":39},"end":{"line":65,"column":69}},"38":{"start":{"line":66,"column":33},"end":{"line":66,"column":61}},"39":{"start":{"line":68,"column":12},"end":{"line":72,"column":15}},"40":{"start":{"line":74,"column":12},"end":{"line":74,"column":31}},"41":{"start":{"line":75,"column":12},"end":{"line":75,"column":36}},"42":{"start":{"line":76,"column":12},"end":{"line":76,"column":58}},"43":{"start":{"line":78,"column":12},"end":{"line":78,"column":56}},"44":{"start":{"line":79,"column":12},"end":{"line":79,"column":36}},"45":{"start":{"line":80,"column":12},"end":{"line":80,"column":36}},"46":{"start":{"line":84,"column":8},"end":{"line":84,"column":40}},"47":{"start":{"line":87,"column":6},"end":{"line":87,"column":53}},"48":{"start":{"line":88,"column":6},"end":{"line":88,"column":30}},"49":{"start":{"line":89,"column":6},"end":{"line":89,"column":30}},"50":{"start":{"line":93,"column":2},"end":{"line":135,"column":4}},"51":{"start":{"line":123,"column":25},"end":{"line":123,"column":60}},"52":{"start":{"line":124,"column":12},"end":{"line":126,"column":13}},"53":{"start":{"line":125,"column":14},"end":{"line":125,"column":33}},"54":{"start":{"line":138,"column":0},"end":{"line":138,"column":30}}},"fnMap":{"0":{"name":"(anonymous_0)","decl":{"start":{"line":18,"column":54},"end":{"line":18,"column":55}},"loc":{"start":{"line":18,"column":71},"end":{"line":136,"column":1}}},"1":{"name":"(anonymous_1)","decl":{"start":{"line":24,"column":16},"end":{"line":24,"column":17}},"loc":{"start":{"line":24,"column":31},"end":{"line":26,"column":3}}},"2":{"name":"(anonymous_2)","decl":{"start":{"line":28,"column":23},"end":{"line":28,"column":24}},"loc":{"start":{"line":28,"column":38},"end":{"line":37,"column":3}}},"3":{"name":"(anonymous_3)","decl":{"start":{"line":39,"column":19},"end":{"line":39,"column":20}},"loc":{"start":{"line":39,"column":63},"end":{"line":51,"column":3}}},"4":{"name":"(anonymous_4)","decl":{"start":{"line":41,"column":42},"end":{"line":41,"column":43}},"loc":{"start":{"line":41,"column":53},"end":{"line":41,"column":65}}},"5":{"name":"(anonymous_5)","decl":{"start":{"line":43,"column":29},"end":{"line":43,"column":30}},"loc":{"start":{"line":43,"column":37},"end":{"line":50,"column":5}}},"6":{"name":"(anonymous_6)","decl":{"start":{"line":44,"column":40},"end":{"line":44,"column":41}},"loc":{"start":{"line":44,"column":51},"end":{"line":44,"column":63}}},"7":{"name":"(anonymous_7)","decl":{"start":{"line":46,"column":21},"end":{"line":46,"column":22}},"loc":{"start":{"line":46,"column":42},"end":{"line":48,"column":7}}},"8":{"name":"(anonymous_8)","decl":{"start":{"line":53,"column":23},"end":{"line":53,"column":28}},"loc":{"start":{"line":53,"column":34},"end":{"line":91,"column":3}}},"9":{"name":"(anonymous_9)","decl":{"start":{"line":63,"column":24},"end":{"line":63,"column":25}},"loc":{"start":{"line":63,"column":34},"end":{"line":82,"column":9}}},"10":{"name":"(anonymous_10)","decl":{"start":{"line":122,"column":20},"end":{"line":122,"column":21}},"loc":{"start":{"line":122,"column":26},"end":{"line":127,"column":11}}}},"branchMap":{"0":{"loc":{"start":{"line":29,"column":4},"end":{"line":35,"column":5}},"type":"if","locations":[{"start":{"line":29,"column":4},"end":{"line":35,"column":5}},{"start":{"line":32,"column":11},"end":{"line":35,"column":5}}]},"1":{"loc":{"start":{"line":58,"column":6},"end":{"line":85,"column":7}},"type":"if","locations":[{"start":{"line":58,"column":6},"end":{"line":85,"column":7}}]},"2":{"loc":{"start":{"line":58,"column":10},"end":{"line":58,"column":39}},"type":"binary-expr","locations":[{"start":{"line":58,"column":10},"end":{"line":58,"column":23}},{"start":{"line":58,"column":27},"end":{"line":58,"column":39}}]},"3":{"loc":{"start":{"line":123,"column":25},"end":{"line":123,"column":60}},"type":"binary-expr","locations":[{"start":{"line":123,"column":25},"end":{"line":123,"column":39}},{"start":{"line":123,"column":43},"end":{"line":123,"column":60}}]},"4":{"loc":{"start":{"line":124,"column":12},"end":{"line":126,"column":13}},"type":"if","locations":[{"start":{"line":124,"column":12},"end":{"line":126,"column":13}}]}},"s":{"0":1,"1":1,"2":1,"3":1,"4":3,"5":3,"6":3,"7":3,"8":3,"9":0,"10":3,"11":0,"12":0,"13":0,"14":0,"15":0,"16":0,"17":3,"18":0,"19":0,"20":0,"21":0,"22":0,"23":0,"24":0,"25":0,"26":0,"27":0,"28":3,"29":0,"30":0,"31":0,"32":0,"33":0,"34":0,"35":0,"36":0,"37":0,"38":0,"39":0,"40":0,"41":0,"42":0,"43":0,"44":0,"45":0,"46":0,"47":0,"48":0,"49":0,"50":3,"51":0,"52":0,"53":0,"54":1},"f":{"0":3,"1":0,"2":0,"3":0,"4":0,"5":0,"6":0,"7":0,"8":0,"9":0,"10":0},"b":{"0":[0,0],"1":[0],"2":[0,0],"3":[0,0],"4":[0]}}
,"C:\\Users\\SaipriyaRachamadugu\\react-admin\\tests\\src\\Form.tsx": {"path":"C:\\Users\\SaipriyaRachamadugu\\react-admin\\tests\\src\\Form.tsx","statementMap":{"0":{"start":{"line":2,"column":0},"end":{"line":2,"column":64}},"1":{"start":{"line":13,"column":46},"end":{"line":57,"column":1}},"2":{"start":{"line":14,"column":34},"end":{"line":17,"column":4}},"3":{"start":{"line":19,"column":28},"end":{"line":25,"column":3}},"4":{"start":{"line":20,"column":28},"end":{"line":20,"column":36}},"5":{"start":{"line":21,"column":4},"end":{"line":24,"column":8}},"6":{"start":{"line":21,"column":31},"end":{"line":24,"column":6}},"7":{"start":{"line":27,"column":23},"end":{"line":30,"column":3}},"8":{"start":{"line":28,"column":4},"end":{"line":28,"column":23}},"9":{"start":{"line":29,"column":4},"end":{"line":29,"column":23}},"10":{"start":{"line":32,"column":2},"end":{"line":56,"column":4}},"11":{"start":{"line":59,"column":0},"end":{"line":59,"column":26}}},"fnMap":{"0":{"name":"(anonymous_0)","decl":{"start":{"line":13,"column":46},"end":{"line":13,"column":47}},"loc":{"start":{"line":13,"column":63},"end":{"line":57,"column":1}}},"1":{"name":"(anonymous_1)","decl":{"start":{"line":19,"column":28},"end":{"line":19,"column":29}},"loc":{"start":{"line":19,"column":65},"end":{"line":25,"column":3}}},"2":{"name":"(anonymous_2)","decl":{"start":{"line":21,"column":16},"end":{"line":21,"column":17}},"loc":{"start":{"line":21,"column":31},"end":{"line":24,"column":6}}},"3":{"name":"(anonymous_3)","decl":{"start":{"line":27,"column":23},"end":{"line":27,"column":24}},"loc":{"start":{"line":27,"column":40},"end":{"line":30,"column":3}}}},"branchMap":{},"s":{"0":1,"1":1,"2":3,"3":3,"4":2,"5":2,"6":2,"7":3,"8":1,"9":1,"10":3,"11":1},"f":{"0":3,"1":2,"2":2,"3":1},"b":{}}
,"C:\\Users\\SaipriyaRachamadugu\\react-admin\\tests\\src\\Sum.tsx": {"path":"C:\\Users\\SaipriyaRachamadugu\\react-admin\\tests\\src\\Sum.tsx","statementMap":{"0":{"start":{"line":7,"column":48},"end":{"line":15,"column":1}},"1":{"start":{"line":8,"column":14},"end":{"line":8,"column":56}},"2":{"start":{"line":8,"column":43},"end":{"line":8,"column":52}},"3":{"start":{"line":10,"column":2},"end":{"line":14,"column":4}},"4":{"start":{"line":17,"column":0},"end":{"line":17,"column":27}}},"fnMap":{"0":{"name":"(anonymous_0)","decl":{"start":{"line":7,"column":48},"end":{"line":7,"column":49}},"loc":{"start":{"line":7,"column":64},"end":{"line":15,"column":1}}},"1":{"name":"(anonymous_1)","decl":{"start":{"line":8,"column":29},"end":{"line":8,"column":30}},"loc":{"start":{"line":8,"column":43},"end":{"line":8,"column":52}}}},"branchMap":{},"s":{"0":1,"1":4,"2":14,"3":4,"4":1},"f":{"0":4,"1":14},"b":{}}
,"C:\\Users\\SaipriyaRachamadugu\\react-admin\\tests\\src\\UseContext.tsx": {"path":"C:\\Users\\SaipriyaRachamadugu\\react-admin\\tests\\src\\UseContext.tsx","statementMap":{"0":{"start":{"line":1,"column":0},"end":{"line":1,"column":35}},"1":{"start":{"line":2,"column":0},"end":{"line":2,"column":46}},"2":{"start":{"line":4,"column":23},"end":{"line":9,"column":1}},"3":{"start":{"line":5,"column":21},"end":{"line":5,"column":43}},"4":{"start":{"line":6,"column":2},"end":{"line":6,"column":22}},"5":{"start":{"line":8,"column":2},"end":{"line":8,"column":51}},"6":{"start":{"line":11,"column":0},"end":{"line":11,"column":30}}},"fnMap":{"0":{"name":"(anonymous_0)","decl":{"start":{"line":4,"column":23},"end":{"line":4,"column":26}},"loc":{"start":{"line":4,"column":28},"end":{"line":9,"column":1}}}},"branchMap":{"0":{"loc":{"start":{"line":8,"column":12},"end":{"line":8,"column":46}},"type":"binary-expr","locations":[{"start":{"line":8,"column":12},"end":{"line":8,"column":18}},{"start":{"line":8,"column":22},"end":{"line":8,"column":46}}]}},"s":{"0":2,"1":2,"2":2,"3":7,"4":5,"5":5,"6":2},"f":{"0":7},"b":{"0":[5,2]}}
,"C:\\Users\\SaipriyaRachamadugu\\react-admin\\tests\\src\\matchMedia.mock.ts": {"path":"C:\\Users\\SaipriyaRachamadugu\\react-admin\\tests\\src\\matchMedia.mock.ts","statementMap":{"0":{"start":{"line":1,"column":0},"end":{"line":13,"column":3}},"1":{"start":{"line":3,"column":58},"end":{"line":12,"column":4}}},"fnMap":{"0":{"name":"(anonymous_0)","decl":{"start":{"line":3,"column":38},"end":{"line":3,"column":39}},"loc":{"start":{"line":3,"column":58},"end":{"line":12,"column":4}}}},"branchMap":{},"s":{"0":2,"1":444},"f":{"0":444},"b":{}}
}
