TN:
SF:src\types.ts
FNF:0
FNH:0
DA:50,1
LF:1
LH:1
BRF:0
BRH:0
end_of_record
TN:
SF:src\api\api-calls.ts
FN:7,(anonymous_1)
FN:28,(anonymous_2)
FN:49,(anonymous_3)
FN:70,(anonymous_4)
FN:95,(anonymous_5)
FN:131,(anonymous_6)
FN:153,(anonymous_7)
FN:176,(anonymous_8)
FNF:8
FNH:0
FNDA:0,(anonymous_1)
FNDA:0,(anonymous_2)
FNDA:0,(anonymous_3)
FNDA:0,(anonymous_4)
FNDA:0,(anonymous_5)
FNDA:0,(anonymous_6)
FNDA:0,(anonymous_7)
FNDA:0,(anonymous_8)
DA:1,1
DA:3,1
DA:5,1
DA:7,1
DA:8,0
DA:10,0
DA:16,0
DA:17,0
DA:18,0
DA:20,0
DA:28,1
DA:29,0
DA:31,0
DA:37,0
DA:38,0
DA:39,0
DA:41,0
DA:49,1
DA:50,0
DA:52,0
DA:58,0
DA:59,0
DA:60,0
DA:62,0
DA:70,1
DA:71,0
DA:75,0
DA:78,0
DA:79,0
DA:80,0
DA:88,0
DA:89,0
DA:91,0
DA:95,1
DA:100,0
DA:101,0
DA:102,0
DA:117,0
DA:118,0
DA:120,0
DA:127,0
DA:131,1
DA:132,0
DA:133,0
DA:140,0
DA:141,0
DA:142,0
DA:143,0
DA:145,0
DA:153,1
DA:154,0
DA:156,0
DA:157,0
DA:163,0
DA:164,0
DA:166,0
DA:173,0
DA:176,1
DA:180,0
DA:182,0
DA:183,0
DA:189,0
DA:190,0
DA:191,0
DA:193,0
DA:200,0
LF:66
LH:11
BRDA:16,0,0,0
BRDA:16,0,1,0
BRDA:37,1,0,0
BRDA:37,1,1,0
BRDA:58,2,0,0
BRDA:58,2,1,0
BRDA:88,3,0,0
BRDA:88,3,1,0
BRDA:117,4,0,0
BRDA:117,4,1,0
BRDA:140,5,0,0
BRDA:140,5,1,0
BRDA:163,6,0,0
BRDA:163,6,1,0
BRDA:189,7,0,0
BRDA:189,7,1,0
BRF:16
BRH:0
end_of_record
TN:
SF:src\components\Dashboard-template.tsx
FN:29,(anonymous_7)
FN:38,(anonymous_8)
FN:50,(anonymous_9)
FN:63,(anonymous_10)
FN:64,(anonymous_11)
FN:81,(anonymous_12)
FN:82,(anonymous_13)
FN:97,MiniDrawer
FN:101,(anonymous_15)
FN:105,(anonymous_16)
FN:161,(anonymous_17)
FNF:11
FNH:8
FNDA:0,(anonymous_7)
FNDA:8,(anonymous_8)
FNDA:8,(anonymous_9)
FNDA:13,(anonymous_10)
FNDA:4,(anonymous_11)
FNDA:13,(anonymous_12)
FNDA:4,(anonymous_13)
FNDA:4,MiniDrawer
FNDA:0,(anonymous_15)
FNDA:0,(anonymous_16)
FNDA:16,(anonymous_17)
DA:1,1
DA:2,1
DA:3,1
DA:4,1
DA:5,1
DA:6,1
DA:7,1
DA:8,1
DA:9,1
DA:10,1
DA:11,1
DA:12,1
DA:13,1
DA:14,1
DA:15,1
DA:16,1
DA:17,1
DA:18,1
DA:19,1
DA:20,1
DA:27,1
DA:29,1
DA:38,8
DA:50,8
DA:62,1
DA:63,13
DA:64,4
DA:80,1
DA:81,13
DA:82,4
DA:97,1
DA:98,4
DA:99,4
DA:101,4
DA:102,0
DA:105,4
DA:106,0
DA:109,4
DA:162,16
LF:39
LH:37
BRDA:70,0,0,4
BRDA:70,0,1,0
BRDA:87,1,0,4
BRDA:87,1,1,0
BRDA:91,2,0,4
BRDA:91,2,1,4
BRDA:121,3,0,4
BRDA:121,3,1,0
BRDA:134,4,0,0
BRDA:134,4,1,4
BRDA:168,5,0,0
BRDA:168,5,1,16
BRDA:175,6,0,0
BRDA:175,6,1,16
BRDA:181,7,0,0
BRDA:181,7,1,16
BRF:16
BRH:9
end_of_record
TN:
SF:src\components\Layout.tsx
FN:6,(anonymous_1)
FNF:1
FNH:1
FNDA:4,(anonymous_1)
DA:1,1
DA:2,1
DA:3,1
DA:6,1
DA:7,4
DA:18,1
LF:6
LH:6
BRF:0
BRH:0
end_of_record
TN:
SF:src\components\Table.tsx
FN:20,(anonymous_1)
FN:26,(anonymous_2)
FN:27,(anonymous_3)
FN:35,(anonymous_4)
FN:39,(anonymous_5)
FN:54,(anonymous_6)
FNF:6
FNH:5
FNDA:4,(anonymous_1)
FNDA:2,(anonymous_2)
FNDA:2,(anonymous_3)
FNDA:0,(anonymous_4)
FNDA:1,(anonymous_5)
FNDA:1,(anonymous_6)
DA:1,1
DA:2,1
DA:3,1
DA:16,1
DA:17,1
DA:18,1
DA:20,1
DA:21,4
DA:22,3
DA:24,3
DA:26,3
DA:27,2
DA:28,2
DA:29,2
DA:30,2
DA:32,2
DA:35,3
DA:36,0
DA:39,3
DA:40,1
DA:55,1
DA:80,3
DA:90,1
LF:23
LH:22
BRDA:84,0,0,1
BRDA:84,0,1,2
BRF:2
BRH:2
end_of_record
TN:
SF:src\context\TokenContext.ts
FNF:0
FNH:0
DA:1,1
DA:3,1
LF:2
LH:2
BRF:0
BRH:0
end_of_record
