TN:
SF:src\AuthToken.tsx
FN:3,(anonymous_0)
FN:5,(anonymous_1)
FN:8,(anonymous_2)
FNF:3
FNH:3
FNDA:9,(anonymous_0)
FNDA:3,(anonymous_1)
FNDA:2,(anonymous_2)
DA:1,2
DA:3,2
DA:4,9
DA:5,9
DA:6,3
DA:8,9
DA:9,2
DA:12,9
DA:20,2
LF:9
LH:9
BRF:0
BRH:0
end_of_record
TN:
SF:src\Calculator.tsx
FN:4,(anonymous_0)
FN:9,(anonymous_1)
FN:24,(anonymous_2)
FN:67,(anonymous_3)
FN:77,(anonymous_4)
FN:85,(anonymous_5)
FN:94,(anonymous_6)
FN:103,(anonymous_7)
FN:112,(anonymous_8)
FNF:9
FNH:9
FNDA:76,(anonymous_0)
FNDA:37,(anonymous_1)
FNDA:19,(anonymous_2)
FNDA:19,(anonymous_3)
FNDA:18,(anonymous_4)
FNDA:5,(anonymous_5)
FNDA:4,(anonymous_6)
FNDA:5,(anonymous_7)
FNDA:5,(anonymous_8)
DA:1,1
DA:2,1
DA:4,1
DA:5,76
DA:6,76
DA:7,76
DA:9,76
DA:13,37
DA:15,37
DA:16,37
DA:17,19
DA:19,18
DA:24,76
DA:25,19
DA:26,1
DA:27,1
DA:32,18
DA:34,4
DA:35,4
DA:37,4
DA:38,4
DA:40,5
DA:41,5
DA:43,5
DA:44,5
DA:46,0
DA:49,18
DA:50,18
DA:53,76
DA:67,19
DA:77,18
DA:85,5
DA:94,4
DA:103,5
DA:112,5
DA:133,1
LF:36
LH:35
BRDA:15,0,0,37
BRDA:16,1,0,19
BRDA:16,1,1,18
BRDA:25,2,0,1
BRDA:25,3,0,19
BRDA:25,3,1,19
BRDA:32,4,0,4
BRDA:32,4,1,4
BRDA:32,4,2,5
BRDA:32,4,3,5
BRDA:32,4,4,0
BRDA:118,5,0,76
BRDA:118,5,1,19
BRDA:125,6,0,0
BRDA:125,6,1,19
BRF:15
BRH:13
end_of_record
TN:
SF:src\Company-add-form.tsx
FN:7,(anonymous_0)
FN:12,(anonymous_1)
FN:14,(anonymous_2)
FN:17,(anonymous_3)
FN:30,(anonymous_4)
FN:46,(anonymous_5)
FN:89,(anonymous_6)
FN:98,(anonymous_7)
FN:125,(anonymous_8)
FN:147,(anonymous_9)
FN:179,(anonymous_10)
FN:217,(anonymous_11)
FNF:12
FNH:10
FNDA:23,(anonymous_0)
FNDA:21,(anonymous_1)
FNDA:0,(anonymous_2)
FNDA:21,(anonymous_3)
FNDA:5,(anonymous_4)
FNDA:0,(anonymous_5)
FNDA:10,(anonymous_6)
FNDA:25,(anonymous_7)
FNDA:15,(anonymous_8)
FNDA:15,(anonymous_9)
FNDA:20,(anonymous_10)
FNDA:15,(anonymous_11)
DA:2,1
DA:3,1
DA:4,1
DA:5,1
DA:7,1
DA:8,23
DA:10,23
DA:12,23
DA:13,21
DA:15,0
DA:18,21
DA:23,23
DA:30,1
DA:31,5
DA:33,5
DA:34,5
DA:35,5
DA:37,5
DA:38,5
DA:39,5
DA:46,5
DA:47,0
DA:48,0
DA:51,5
DA:90,10
DA:99,25
DA:126,15
DA:148,15
DA:180,20
DA:218,15
DA:247,1
LF:31
LH:28
BRF:0
BRH:0
end_of_record
TN:
SF:src\Context-provider.tsx
FN:5,(anonymous_1)
FN:8,(anonymous_2)
FNF:2
FNH:2
FNDA:4,(anonymous_1)
FNDA:1,(anonymous_2)
DA:1,1
DA:2,1
DA:3,1
DA:4,1
DA:5,1
DA:6,4
DA:8,3
DA:9,1
DA:11,3
DA:21,1
LF:10
LH:10
BRF:0
BRH:0
end_of_record
TN:
SF:src\Create-context.ts
FNF:0
FNH:0
DA:1,3
DA:3,3
LF:2
LH:2
BRF:0
BRH:0
end_of_record
TN:
SF:src\Csv-form.tsx
FN:18,(anonymous_0)
FN:24,(anonymous_1)
FN:28,(anonymous_2)
FN:39,(anonymous_3)
FN:41,(anonymous_4)
FN:43,(anonymous_5)
FN:44,(anonymous_6)
FN:46,(anonymous_7)
FN:53,(anonymous_8)
FN:63,(anonymous_9)
FN:122,(anonymous_10)
FNF:11
FNH:1
FNDA:3,(anonymous_0)
FNDA:0,(anonymous_1)
FNDA:0,(anonymous_2)
FNDA:0,(anonymous_3)
FNDA:0,(anonymous_4)
FNDA:0,(anonymous_5)
FNDA:0,(anonymous_6)
FNDA:0,(anonymous_7)
FNDA:0,(anonymous_8)
FNDA:0,(anonymous_9)
FNDA:0,(anonymous_10)
DA:1,1
DA:2,1
DA:16,1
DA:18,1
DA:19,3
DA:20,3
DA:21,3
DA:22,3
DA:24,3
DA:25,0
DA:28,3
DA:29,0
DA:30,0
DA:31,0
DA:33,0
DA:34,0
DA:36,0
DA:39,3
DA:40,0
DA:41,0
DA:43,0
DA:44,0
DA:45,0
DA:46,0
DA:47,0
DA:49,0
DA:53,3
DA:54,0
DA:55,0
DA:56,0
DA:58,0
DA:59,0
DA:61,0
DA:63,0
DA:64,0
DA:65,0
DA:66,0
DA:68,0
DA:74,0
DA:75,0
DA:76,0
DA:78,0
DA:79,0
DA:80,0
DA:84,0
DA:87,0
DA:88,0
DA:89,0
DA:93,3
DA:123,0
DA:124,0
DA:125,0
DA:138,1
LF:53
LH:14
BRDA:29,0,0,0
BRDA:29,0,1,0
BRDA:58,1,0,0
BRDA:58,2,0,0
BRDA:58,2,1,0
BRDA:123,3,0,0
BRDA:123,3,1,0
BRDA:124,4,0,0
BRF:8
BRH:0
end_of_record
TN:
SF:src\Form.tsx
FN:13,(anonymous_0)
FN:19,(anonymous_1)
FN:21,(anonymous_2)
FN:27,(anonymous_3)
FNF:4
FNH:4
FNDA:3,(anonymous_0)
FNDA:2,(anonymous_1)
FNDA:2,(anonymous_2)
FNDA:1,(anonymous_3)
DA:2,1
DA:13,1
DA:14,3
DA:19,3
DA:20,2
DA:21,2
DA:27,3
DA:28,1
DA:29,1
DA:32,3
DA:59,1
LF:11
LH:11
BRF:0
BRH:0
end_of_record
TN:
SF:src\Sum.tsx
FN:7,(anonymous_0)
FN:8,(anonymous_1)
FNF:2
FNH:2
FNDA:4,(anonymous_0)
FNDA:14,(anonymous_1)
DA:7,1
DA:8,14
DA:10,4
DA:17,1
LF:4
LH:4
BRF:0
BRH:0
end_of_record
TN:
SF:src\UseContext.tsx
FN:4,(anonymous_0)
FNF:1
FNH:1
FNDA:7,(anonymous_0)
DA:1,2
DA:2,2
DA:4,2
DA:5,7
DA:6,5
DA:8,5
DA:11,2
LF:7
LH:7
BRDA:8,0,0,5
BRDA:8,0,1,2
BRF:2
BRH:2
end_of_record
TN:
SF:src\matchMedia.mock.ts
FN:3,(anonymous_0)
FNF:1
FNH:1
FNDA:444,(anonymous_0)
DA:1,2
DA:3,444
LF:2
LH:2
BRF:0
BRH:0
end_of_record
